{"/Users/nicktoye/Dev/weather-dashboard/client/src/App.tsx": {"path":"/Users/nicktoye/Dev/weather-dashboard/client/src/App.tsx","statementMap":{"0":{"start":{"line":8,"column":42},"end":{"line":8,"column":76}},"1":{"start":{"line":10,"column":4},"end":{"line":12,"column":11}},"2":{"start":{"line":11,"column":8},"end":{"line":11,"column":33}},"3":{"start":{"line":14,"column":25},"end":{"line":32,"column":5}},"4":{"start":{"line":15,"column":8},"end":{"line":31,"column":9}},"5":{"start":{"line":16,"column":30},"end":{"line":16,"column":40}},"6":{"start":{"line":17,"column":29},"end":{"line":19,"column":13}},"7":{"start":{"line":20,"column":12},"end":{"line":28,"column":13}},"8":{"start":{"line":21,"column":29},"end":{"line":21,"column":50}},"9":{"start":{"line":22,"column":16},"end":{"line":22,"column":37}},"10":{"start":{"line":24,"column":16},"end":{"line":27,"column":18}},"11":{"start":{"line":30,"column":12},"end":{"line":30,"column":65}},"12":{"start":{"line":34,"column":25},"end":{"line":36,"column":5}},"13":{"start":{"line":35,"column":8},"end":{"line":35,"column":27}},"14":{"start":{"line":38,"column":4},"end":{"line":45,"column":6}}},"fnMap":{"0":{"name":"App","decl":{"start":{"line":7,"column":9},"end":{"line":7,"column":12}},"loc":{"start":{"line":7,"column":15},"end":{"line":46,"column":1}},"line":7},"1":{"name":"(anonymous_1)","decl":{"start":{"line":10,"column":14},"end":{"line":10,"column":15}},"loc":{"start":{"line":10,"column":20},"end":{"line":12,"column":5}},"line":10},"2":{"name":"(anonymous_2)","decl":{"start":{"line":14,"column":25},"end":{"line":14,"column":26}},"loc":{"start":{"line":14,"column":49},"end":{"line":32,"column":5}},"line":14},"3":{"name":"(anonymous_3)","decl":{"start":{"line":34,"column":25},"end":{"line":34,"column":26}},"loc":{"start":{"line":34,"column":43},"end":{"line":36,"column":5}},"line":34}},"branchMap":{"0":{"loc":{"start":{"line":20,"column":12},"end":{"line":28,"column":13}},"type":"if","locations":[{"start":{"line":20,"column":12},"end":{"line":28,"column":13}},{"start":{"line":23,"column":19},"end":{"line":28,"column":13}}],"line":20},"1":{"loc":{"start":{"line":42,"column":51},"end":{"line":42,"column":70}},"type":"binary-expr","locations":[{"start":{"line":42,"column":51},"end":{"line":42,"column":62}},{"start":{"line":42,"column":66},"end":{"line":42,"column":70}}],"line":42}},"s":{"0":1,"1":1,"2":1,"3":1,"4":1,"5":1,"6":1,"7":0,"8":0,"9":0,"10":0,"11":0,"12":1,"13":0,"14":1},"f":{"0":1,"1":1,"2":1,"3":0},"b":{"0":[0,0],"1":[1,1]},"_coverageSchema":"1a1c01bbd47fc00a2c39e90264f33305004495a9","hash":"120f82ae783dc27d927434c9d0d414655df5cbef"}
,"/Users/nicktoye/Dev/weather-dashboard/client/src/types/types.ts": {"path":"/Users/nicktoye/Dev/weather-dashboard/client/src/types/types.ts","statementMap":{},"fnMap":{},"branchMap":{},"s":{},"f":{},"b":{}}
}
