{"/Users/nicktoye/Dev/weather-dashboard/client/src/App.tsx": {"path":"/Users/nicktoye/Dev/weather-dashboard/client/src/App.tsx","statementMap":{"0":{"start":{"line":13,"column":35},"end":{"line":13,"column":48}},"1":{"start":{"line":14,"column":42},"end":{"line":14,"column":79}},"2":{"start":{"line":15,"column":24},"end":{"line":15,"column":43}},"3":{"start":{"line":17,"column":4},"end":{"line":19,"column":11}},"4":{"start":{"line":18,"column":8},"end":{"line":18,"column":32}},"5":{"start":{"line":21,"column":25},"end":{"line":61,"column":5}},"6":{"start":{"line":22,"column":8},"end":{"line":60,"column":9}},"7":{"start":{"line":23,"column":30},"end":{"line":23,"column":40}},"8":{"start":{"line":24,"column":36},"end":{"line":26,"column":13}},"9":{"start":{"line":27,"column":12},"end":{"line":35,"column":13}},"10":{"start":{"line":28,"column":36},"end":{"line":28,"column":64}},"11":{"start":{"line":29,"column":16},"end":{"line":29,"column":44}},"12":{"start":{"line":31,"column":16},"end":{"line":34,"column":18}},"13":{"start":{"line":37,"column":37},"end":{"line":39,"column":13}},"14":{"start":{"line":40,"column":12},"end":{"line":57,"column":13}},"15":{"start":{"line":41,"column":37},"end":{"line":41,"column":66}},"16":{"start":{"line":43,"column":16},"end":{"line":51,"column":19}},"17":{"start":{"line":44,"column":20},"end":{"line":46,"column":21}},"18":{"start":{"line":45,"column":24},"end":{"line":45,"column":36}},"19":{"start":{"line":47,"column":20},"end":{"line":50,"column":22}},"20":{"start":{"line":53,"column":16},"end":{"line":56,"column":18}},"21":{"start":{"line":59,"column":12},"end":{"line":59,"column":65}},"22":{"start":{"line":63,"column":25},"end":{"line":65,"column":5}},"23":{"start":{"line":64,"column":8},"end":{"line":64,"column":27}},"24":{"start":{"line":67,"column":36},"end":{"line":67,"column":49}},"25":{"start":{"line":68,"column":38},"end":{"line":68,"column":54}},"26":{"start":{"line":69,"column":50},"end":{"line":69,"column":64}},"27":{"start":{"line":71,"column":33},"end":{"line":73,"column":5}},"28":{"start":{"line":72,"column":8},"end":{"line":72,"column":29}},"29":{"start":{"line":75,"column":34},"end":{"line":78,"column":5}},"30":{"start":{"line":76,"column":8},"end":{"line":76,"column":33}},"31":{"start":{"line":77,"column":8},"end":{"line":77,"column":30}},"32":{"start":{"line":80,"column":40},"end":{"line":82,"column":5}},"33":{"start":{"line":81,"column":8},"end":{"line":81,"column":36}},"34":{"start":{"line":84,"column":4},"end":{"line":142,"column":6}}},"fnMap":{"0":{"name":"App","decl":{"start":{"line":12,"column":9},"end":{"line":12,"column":12}},"loc":{"start":{"line":12,"column":15},"end":{"line":143,"column":1}},"line":12},"1":{"name":"(anonymous_1)","decl":{"start":{"line":17,"column":14},"end":{"line":17,"column":15}},"loc":{"start":{"line":17,"column":20},"end":{"line":19,"column":5}},"line":17},"2":{"name":"(anonymous_2)","decl":{"start":{"line":21,"column":25},"end":{"line":21,"column":26}},"loc":{"start":{"line":21,"column":49},"end":{"line":61,"column":5}},"line":21},"3":{"name":"(anonymous_3)","decl":{"start":{"line":43,"column":31},"end":{"line":43,"column":32}},"loc":{"start":{"line":43,"column":45},"end":{"line":51,"column":17}},"line":43},"4":{"name":"(anonymous_4)","decl":{"start":{"line":63,"column":25},"end":{"line":63,"column":26}},"loc":{"start":{"line":63,"column":43},"end":{"line":65,"column":5}},"line":63},"5":{"name":"(anonymous_5)","decl":{"start":{"line":71,"column":33},"end":{"line":71,"column":34}},"loc":{"start":{"line":71,"column":54},"end":{"line":73,"column":5}},"line":71},"6":{"name":"(anonymous_6)","decl":{"start":{"line":75,"column":34},"end":{"line":75,"column":35}},"loc":{"start":{"line":75,"column":55},"end":{"line":78,"column":5}},"line":75},"7":{"name":"(anonymous_7)","decl":{"start":{"line":80,"column":40},"end":{"line":80,"column":41}},"loc":{"start":{"line":80,"column":61},"end":{"line":82,"column":5}},"line":80}},"branchMap":{"0":{"loc":{"start":{"line":27,"column":12},"end":{"line":35,"column":13}},"type":"if","locations":[{"start":{"line":27,"column":12},"end":{"line":35,"column":13}},{"start":{"line":30,"column":19},"end":{"line":35,"column":13}}],"line":27},"1":{"loc":{"start":{"line":40,"column":12},"end":{"line":57,"column":13}},"type":"if","locations":[{"start":{"line":40,"column":12},"end":{"line":57,"column":13}},{"start":{"line":52,"column":19},"end":{"line":57,"column":13}}],"line":40},"2":{"loc":{"start":{"line":44,"column":20},"end":{"line":46,"column":21}},"type":"if","locations":[{"start":{"line":44,"column":20},"end":{"line":46,"column":21}},{"start":{},"end":{}}],"line":44},"3":{"loc":{"start":{"line":127,"column":42},"end":{"line":127,"column":61}},"type":"binary-expr","locations":[{"start":{"line":127,"column":42},"end":{"line":127,"column":53}},{"start":{"line":127,"column":57},"end":{"line":127,"column":61}}],"line":127}},"s":{"0":1,"1":1,"2":1,"3":1,"4":1,"5":1,"6":1,"7":1,"8":1,"9":0,"10":0,"11":0,"12":0,"13":0,"14":0,"15":0,"16":0,"17":0,"18":0,"19":0,"20":0,"21":0,"22":1,"23":0,"24":1,"25":1,"26":1,"27":1,"28":0,"29":1,"30":0,"31":0,"32":1,"33":0,"34":1},"f":{"0":1,"1":1,"2":1,"3":0,"4":0,"5":0,"6":0,"7":0},"b":{"0":[0,0],"1":[0,0],"2":[0,0],"3":[1,1]},"_coverageSchema":"1a1c01bbd47fc00a2c39e90264f33305004495a9","hash":"3b049b55ca926c1507a66192171adae3ef930afb"}
,"/Users/nicktoye/Dev/weather-dashboard/client/src/components/Badge.tsx": {"path":"/Users/nicktoye/Dev/weather-dashboard/client/src/components/Badge.tsx","statementMap":{"0":{"start":{"line":8,"column":36},"end":{"line":23,"column":1}},"1":{"start":{"line":14,"column":4},"end":{"line":22,"column":6}}},"fnMap":{"0":{"name":"(anonymous_0)","decl":{"start":{"line":8,"column":36},"end":{"line":8,"column":37}},"loc":{"start":{"line":13,"column":6},"end":{"line":23,"column":1}},"line":13}},"branchMap":{"0":{"loc":{"start":{"line":16,"column":29},"end":{"line":16,"column":61}},"type":"cond-expr","locations":[{"start":{"line":16,"column":38},"end":{"line":16,"column":45}},{"start":{"line":16,"column":48},"end":{"line":16,"column":61}}],"line":16},"1":{"loc":{"start":{"line":17,"column":16},"end":{"line":17,"column":58}},"type":"cond-expr","locations":[{"start":{"line":17,"column":25},"end":{"line":17,"column":34}},{"start":{"line":17,"column":37},"end":{"line":17,"column":58}}],"line":17}},"s":{"0":1,"1":0},"f":{"0":0},"b":{"0":[0,0],"1":[0,0]},"_coverageSchema":"1a1c01bbd47fc00a2c39e90264f33305004495a9","hash":"028754a220eb14bc3aa6fb3c026c671f17fa85c1"}
,"/Users/nicktoye/Dev/weather-dashboard/client/src/components/Icon.tsx": {"path":"/Users/nicktoye/Dev/weather-dashboard/client/src/components/Icon.tsx","statementMap":{"0":{"start":{"line":9,"column":34},"end":{"line":18,"column":1}},"1":{"start":{"line":10,"column":4},"end":{"line":17,"column":6}}},"fnMap":{"0":{"name":"(anonymous_0)","decl":{"start":{"line":9,"column":34},"end":{"line":9,"column":35}},"loc":{"start":{"line":9,"column":75},"end":{"line":18,"column":1}},"line":9}},"branchMap":{},"s":{"0":1,"1":1},"f":{"0":1},"b":{},"_coverageSchema":"1a1c01bbd47fc00a2c39e90264f33305004495a9","hash":"75f1a2c61d1bb64e88894e207540f6072acde0ba"}
,"/Users/nicktoye/Dev/weather-dashboard/client/src/components/Input.tsx": {"path":"/Users/nicktoye/Dev/weather-dashboard/client/src/components/Input.tsx","statementMap":{"0":{"start":{"line":15,"column":4},"end":{"line":38,"column":1}},"1":{"start":{"line":16,"column":4},"end":{"line":37,"column":6}}},"fnMap":{"0":{"name":"(anonymous_0)","decl":{"start":{"line":15,"column":4},"end":{"line":15,"column":5}},"loc":{"start":{"line":15,"column":47},"end":{"line":38,"column":1}},"line":15}},"branchMap":{"0":{"loc":{"start":{"line":18,"column":13},"end":{"line":25,"column":13}},"type":"binary-expr","locations":[{"start":{"line":18,"column":13},"end":{"line":18,"column":17}},{"start":{"line":19,"column":16},"end":{"line":24,"column":19}}],"line":18},"1":{"loc":{"start":{"line":31,"column":20},"end":{"line":31,"column":35}},"type":"binary-expr","locations":[{"start":{"line":31,"column":20},"end":{"line":31,"column":24}},{"start":{"line":31,"column":28},"end":{"line":31,"column":35}}],"line":31}},"s":{"0":1,"1":1},"f":{"0":1},"b":{"0":[1,1],"1":[1,1]},"_coverageSchema":"1a1c01bbd47fc00a2c39e90264f33305004495a9","hash":"ec7c5d76c519b08b410554bc0085a6bd1269fa72"}
,"/Users/nicktoye/Dev/weather-dashboard/client/src/components/ModeSwitcher.tsx": {"path":"/Users/nicktoye/Dev/weather-dashboard/client/src/components/ModeSwitcher.tsx","statementMap":{"0":{"start":{"line":9,"column":50},"end":{"line":25,"column":1}},"1":{"start":{"line":13,"column":24},"end":{"line":15,"column":5}},"2":{"start":{"line":14,"column":8},"end":{"line":14,"column":45}},"3":{"start":{"line":17,"column":4},"end":{"line":24,"column":6}}},"fnMap":{"0":{"name":"(anonymous_0)","decl":{"start":{"line":9,"column":50},"end":{"line":9,"column":51}},"loc":{"start":{"line":12,"column":6},"end":{"line":25,"column":1}},"line":12},"1":{"name":"(anonymous_1)","decl":{"start":{"line":13,"column":24},"end":{"line":13,"column":25}},"loc":{"start":{"line":13,"column":46},"end":{"line":15,"column":5}},"line":13}},"branchMap":{"0":{"loc":{"start":{"line":14,"column":17},"end":{"line":14,"column":43}},"type":"cond-expr","locations":[{"start":{"line":14,"column":27},"end":{"line":14,"column":33}},{"start":{"line":14,"column":36},"end":{"line":14,"column":43}}],"line":14}},"s":{"0":1,"1":1,"2":0,"3":1},"f":{"0":1,"1":0},"b":{"0":[0,0]},"_coverageSchema":"1a1c01bbd47fc00a2c39e90264f33305004495a9","hash":"d0741062eb117cd4421ee0ea5001560a37ed13e9"}
,"/Users/nicktoye/Dev/weather-dashboard/client/src/components/PieChance.tsx": {"path":"/Users/nicktoye/Dev/weather-dashboard/client/src/components/PieChance.tsx","statementMap":{"0":{"start":{"line":15,"column":44},"end":{"line":64,"column":1}},"1":{"start":{"line":16,"column":23},"end":{"line":16,"column":52}},"2":{"start":{"line":17,"column":24},"end":{"line":17,"column":53}},"3":{"start":{"line":19,"column":19},"end":{"line":19,"column":68}},"4":{"start":{"line":21,"column":23},"end":{"line":21,"column":63}},"5":{"start":{"line":23,"column":21},"end":{"line":23,"column":33}},"6":{"start":{"line":24,"column":30},"end":{"line":39,"column":5}},"7":{"start":{"line":25,"column":8},"end":{"line":37,"column":9}},"8":{"start":{"line":26,"column":12},"end":{"line":36,"column":14}},"9":{"start":{"line":38,"column":8},"end":{"line":38,"column":20}},"10":{"start":{"line":41,"column":4},"end":{"line":63,"column":6}},"11":{"start":{"line":55,"column":20},"end":{"line":59,"column":22}}},"fnMap":{"0":{"name":"(anonymous_0)","decl":{"start":{"line":15,"column":44},"end":{"line":15,"column":45}},"loc":{"start":{"line":15,"column":70},"end":{"line":64,"column":1}},"line":15},"1":{"name":"(anonymous_1)","decl":{"start":{"line":24,"column":30},"end":{"line":24,"column":31}},"loc":{"start":{"line":24,"column":79},"end":{"line":39,"column":5}},"line":24},"2":{"name":"(anonymous_2)","decl":{"start":{"line":54,"column":26},"end":{"line":54,"column":27}},"loc":{"start":{"line":55,"column":20},"end":{"line":59,"column":22}},"line":55}},"branchMap":{"0":{"loc":{"start":{"line":19,"column":19},"end":{"line":19,"column":68}},"type":"cond-expr","locations":[{"start":{"line":19,"column":44},"end":{"line":19,"column":55}},{"start":{"line":19,"column":58},"end":{"line":19,"column":68}}],"line":19},"1":{"loc":{"start":{"line":21,"column":23},"end":{"line":21,"column":63}},"type":"cond-expr","locations":[{"start":{"line":21,"column":48},"end":{"line":21,"column":54}},{"start":{"line":21,"column":57},"end":{"line":21,"column":63}}],"line":21},"2":{"loc":{"start":{"line":25,"column":8},"end":{"line":37,"column":9}},"type":"if","locations":[{"start":{"line":25,"column":8},"end":{"line":37,"column":9}},{"start":{},"end":{}}],"line":25}},"s":{"0":1,"1":0,"2":0,"3":0,"4":0,"5":0,"6":0,"7":0,"8":0,"9":0,"10":0,"11":0},"f":{"0":0,"1":0,"2":0},"b":{"0":[0,0],"1":[0,0],"2":[0,0]},"_coverageSchema":"1a1c01bbd47fc00a2c39e90264f33305004495a9","hash":"4faec098dbc5719b0d9fd85ffa5502ffa7b84884"}
,"/Users/nicktoye/Dev/weather-dashboard/client/src/containers/Panel.tsx": {"path":"/Users/nicktoye/Dev/weather-dashboard/client/src/containers/Panel.tsx","statementMap":{"0":{"start":{"line":8,"column":36},"end":{"line":23,"column":1}},"1":{"start":{"line":14,"column":4},"end":{"line":22,"column":6}}},"fnMap":{"0":{"name":"(anonymous_0)","decl":{"start":{"line":8,"column":36},"end":{"line":8,"column":37}},"loc":{"start":{"line":13,"column":6},"end":{"line":23,"column":1}},"line":13}},"branchMap":{"0":{"loc":{"start":{"line":11,"column":4},"end":{"line":11,"column":25}},"type":"default-arg","locations":[{"start":{"line":11,"column":20},"end":{"line":11,"column":25}}],"line":11},"1":{"loc":{"start":{"line":17,"column":16},"end":{"line":17,"column":47}},"type":"binary-expr","locations":[{"start":{"line":17,"column":16},"end":{"line":17,"column":29}},{"start":{"line":17,"column":33},"end":{"line":17,"column":47}}],"line":17}},"s":{"0":1,"1":0},"f":{"0":0},"b":{"0":[0],"1":[0,0]},"_coverageSchema":"1a1c01bbd47fc00a2c39e90264f33305004495a9","hash":"811d6eada8963afa3c6443c51adb4c41bd3089b2"}
,"/Users/nicktoye/Dev/weather-dashboard/client/src/features/DashboardPanels/CloudPanel.tsx": {"path":"/Users/nicktoye/Dev/weather-dashboard/client/src/features/DashboardPanels/CloudPanel.tsx","statementMap":{"0":{"start":{"line":11,"column":46},"end":{"line":64,"column":1}},"1":{"start":{"line":15,"column":24},"end":{"line":15,"column":46}},"2":{"start":{"line":16,"column":17},"end":{"line":19,"column":5}},"3":{"start":{"line":21,"column":24},"end":{"line":43,"column":5}},"4":{"start":{"line":22,"column":8},"end":{"line":42,"column":9}},"5":{"start":{"line":23,"column":12},"end":{"line":26,"column":14}},"6":{"start":{"line":27,"column":15},"end":{"line":42,"column":9}},"7":{"start":{"line":28,"column":12},"end":{"line":31,"column":14}},"8":{"start":{"line":32,"column":15},"end":{"line":42,"column":9}},"9":{"start":{"line":33,"column":12},"end":{"line":36,"column":14}},"10":{"start":{"line":38,"column":12},"end":{"line":41,"column":14}},"11":{"start":{"line":45,"column":4},"end":{"line":63,"column":6}}},"fnMap":{"0":{"name":"(anonymous_0)","decl":{"start":{"line":11,"column":46},"end":{"line":11,"column":47}},"loc":{"start":{"line":14,"column":6},"end":{"line":64,"column":1}},"line":14},"1":{"name":"(anonymous_1)","decl":{"start":{"line":21,"column":24},"end":{"line":21,"column":25}},"loc":{"start":{"line":21,"column":39},"end":{"line":43,"column":5}},"line":21}},"branchMap":{"0":{"loc":{"start":{"line":15,"column":24},"end":{"line":15,"column":46}},"type":"binary-expr","locations":[{"start":{"line":15,"column":24},"end":{"line":15,"column":40}},{"start":{"line":15,"column":44},"end":{"line":15,"column":46}}],"line":15},"1":{"loc":{"start":{"line":22,"column":8},"end":{"line":42,"column":9}},"type":"if","locations":[{"start":{"line":22,"column":8},"end":{"line":42,"column":9}},{"start":{"line":27,"column":15},"end":{"line":42,"column":9}}],"line":22},"2":{"loc":{"start":{"line":27,"column":15},"end":{"line":42,"column":9}},"type":"if","locations":[{"start":{"line":27,"column":15},"end":{"line":42,"column":9}},{"start":{"line":32,"column":15},"end":{"line":42,"column":9}}],"line":27},"3":{"loc":{"start":{"line":27,"column":19},"end":{"line":27,"column":35}},"type":"binary-expr","locations":[{"start":{"line":27,"column":19},"end":{"line":27,"column":24}},{"start":{"line":27,"column":28},"end":{"line":27,"column":35}}],"line":27},"4":{"loc":{"start":{"line":32,"column":15},"end":{"line":42,"column":9}},"type":"if","locations":[{"start":{"line":32,"column":15},"end":{"line":42,"column":9}},{"start":{"line":37,"column":15},"end":{"line":42,"column":9}}],"line":32},"5":{"loc":{"start":{"line":32,"column":19},"end":{"line":32,"column":36}},"type":"binary-expr","locations":[{"start":{"line":32,"column":19},"end":{"line":32,"column":25}},{"start":{"line":32,"column":29},"end":{"line":32,"column":36}}],"line":32}},"s":{"0":1,"1":0,"2":0,"3":0,"4":0,"5":0,"6":0,"7":0,"8":0,"9":0,"10":0,"11":0},"f":{"0":0,"1":0},"b":{"0":[0,0],"1":[0,0],"2":[0,0],"3":[0,0],"4":[0,0],"5":[0,0]},"_coverageSchema":"1a1c01bbd47fc00a2c39e90264f33305004495a9","hash":"ccdf9132fde70b61682224c4eb16811aa652ed27"}
,"/Users/nicktoye/Dev/weather-dashboard/client/src/features/DashboardPanels/ForecastPanel.tsx": {"path":"/Users/nicktoye/Dev/weather-dashboard/client/src/features/DashboardPanels/ForecastPanel.tsx","statementMap":{"0":{"start":{"line":12,"column":47},"end":{"line":36,"column":1}},"1":{"start":{"line":17,"column":4},"end":{"line":35,"column":6}}},"fnMap":{"0":{"name":"(anonymous_0)","decl":{"start":{"line":12,"column":47},"end":{"line":12,"column":48}},"loc":{"start":{"line":16,"column":6},"end":{"line":36,"column":1}},"line":16}},"branchMap":{"0":{"loc":{"start":{"line":20,"column":17},"end":{"line":32,"column":17}},"type":"binary-expr","locations":[{"start":{"line":20,"column":17},"end":{"line":20,"column":25}},{"start":{"line":21,"column":20},"end":{"line":31,"column":23}}],"line":20},"1":{"loc":{"start":{"line":22,"column":25},"end":{"line":28,"column":25}},"type":"binary-expr","locations":[{"start":{"line":22,"column":25},"end":{"line":22,"column":41}},{"start":{"line":23,"column":28},"end":{"line":27,"column":30}}],"line":22}},"s":{"0":1,"1":0},"f":{"0":0},"b":{"0":[0,0],"1":[0,0]},"_coverageSchema":"1a1c01bbd47fc00a2c39e90264f33305004495a9","hash":"e39a765c8c4218d84c4d9cb2b5e1705b78ba0447"}
,"/Users/nicktoye/Dev/weather-dashboard/client/src/features/DashboardPanels/HeroPanel.tsx": {"path":"/Users/nicktoye/Dev/weather-dashboard/client/src/features/DashboardPanels/HeroPanel.tsx","statementMap":{"0":{"start":{"line":11,"column":44},"end":{"line":64,"column":1}},"1":{"start":{"line":17,"column":34},"end":{"line":17,"column":56}},"2":{"start":{"line":18,"column":57},"end":{"line":18,"column":70}},"3":{"start":{"line":19,"column":27},"end":{"line":19,"column":51}},"4":{"start":{"line":20,"column":28},"end":{"line":20,"column":42}},"5":{"start":{"line":21,"column":4},"end":{"line":63,"column":6}}},"fnMap":{"0":{"name":"(anonymous_0)","decl":{"start":{"line":11,"column":44},"end":{"line":11,"column":45}},"loc":{"start":{"line":16,"column":6},"end":{"line":64,"column":1}},"line":16}},"branchMap":{"0":{"loc":{"start":{"line":17,"column":34},"end":{"line":17,"column":56}},"type":"binary-expr","locations":[{"start":{"line":17,"column":34},"end":{"line":17,"column":50}},{"start":{"line":17,"column":54},"end":{"line":17,"column":56}}],"line":17},"1":{"loc":{"start":{"line":18,"column":57},"end":{"line":18,"column":70}},"type":"binary-expr","locations":[{"start":{"line":18,"column":57},"end":{"line":18,"column":64}},{"start":{"line":18,"column":68},"end":{"line":18,"column":70}}],"line":18},"2":{"loc":{"start":{"line":19,"column":27},"end":{"line":19,"column":51}},"type":"binary-expr","locations":[{"start":{"line":19,"column":27},"end":{"line":19,"column":45}},{"start":{"line":19,"column":49},"end":{"line":19,"column":51}}],"line":19},"3":{"loc":{"start":{"line":20,"column":28},"end":{"line":20,"column":42}},"type":"binary-expr","locations":[{"start":{"line":20,"column":28},"end":{"line":20,"column":36}},{"start":{"line":20,"column":40},"end":{"line":20,"column":42}}],"line":20},"4":{"loc":{"start":{"line":39,"column":29},"end":{"line":39,"column":63}},"type":"cond-expr","locations":[{"start":{"line":39,"column":48},"end":{"line":39,"column":54}},{"start":{"line":39,"column":57},"end":{"line":39,"column":63}}],"line":39},"5":{"loc":{"start":{"line":42,"column":33},"end":{"line":42,"column":77}},"type":"cond-expr","locations":[{"start":{"line":42,"column":52},"end":{"line":42,"column":63}},{"start":{"line":42,"column":66},"end":{"line":42,"column":77}}],"line":42}},"s":{"0":1,"1":0,"2":0,"3":0,"4":0,"5":0},"f":{"0":0},"b":{"0":[0,0],"1":[0,0],"2":[0,0],"3":[0,0],"4":[0,0],"5":[0,0]},"_coverageSchema":"1a1c01bbd47fc00a2c39e90264f33305004495a9","hash":"acf9667787964b1fc93801e811bb278cc0a12431"}
,"/Users/nicktoye/Dev/weather-dashboard/client/src/features/DashboardPanels/HourlyForecast.tsx": {"path":"/Users/nicktoye/Dev/weather-dashboard/client/src/features/DashboardPanels/HourlyForecast.tsx","statementMap":{"0":{"start":{"line":12,"column":54},"end":{"line":98,"column":1}},"1":{"start":{"line":17,"column":4},"end":{"line":19,"column":5}},"2":{"start":{"line":18,"column":8},"end":{"line":18,"column":20}},"3":{"start":{"line":22,"column":22},"end":{"line":22,"column":41}},"4":{"start":{"line":25,"column":23},"end":{"line":25,"column":25}},"5":{"start":{"line":26,"column":4},"end":{"line":31,"column":5}},"6":{"start":{"line":27,"column":28},"end":{"line":27,"column":53}},"7":{"start":{"line":28,"column":8},"end":{"line":30,"column":10}},"8":{"start":{"line":29,"column":36},"end":{"line":29,"column":77}},"9":{"start":{"line":34,"column":36},"end":{"line":37,"column":5}},"10":{"start":{"line":41,"column":4},"end":{"line":97,"column":6}},"11":{"start":{"line":51,"column":32},"end":{"line":88,"column":38}}},"fnMap":{"0":{"name":"(anonymous_0)","decl":{"start":{"line":12,"column":54},"end":{"line":12,"column":55}},"loc":{"start":{"line":16,"column":6},"end":{"line":98,"column":1}},"line":16},"1":{"name":"(anonymous_1)","decl":{"start":{"line":29,"column":12},"end":{"line":29,"column":13}},"loc":{"start":{"line":29,"column":36},"end":{"line":29,"column":77}},"line":29},"2":{"name":"(anonymous_2)","decl":{"start":{"line":50,"column":28},"end":{"line":50,"column":29}},"loc":{"start":{"line":51,"column":32},"end":{"line":88,"column":38}},"line":51}},"branchMap":{"0":{"loc":{"start":{"line":17,"column":4},"end":{"line":19,"column":5}},"type":"if","locations":[{"start":{"line":17,"column":4},"end":{"line":19,"column":5}},{"start":{},"end":{}}],"line":17},"1":{"loc":{"start":{"line":26,"column":4},"end":{"line":31,"column":5}},"type":"if","locations":[{"start":{"line":26,"column":4},"end":{"line":31,"column":5}},{"start":{},"end":{}}],"line":26},"2":{"loc":{"start":{"line":48,"column":21},"end":{"line":93,"column":21}},"type":"cond-expr","locations":[{"start":{"line":49,"column":24},"end":{"line":90,"column":25}},{"start":{"line":92,"column":24},"end":{"line":92,"column":76}}],"line":48},"3":{"loc":{"start":{"line":54,"column":40},"end":{"line":56,"column":102}},"type":"cond-expr","locations":[{"start":{"line":55,"column":46},"end":{"line":55,"column":58}},{"start":{"line":56,"column":46},"end":{"line":56,"column":102}}],"line":54},"4":{"loc":{"start":{"line":61,"column":44},"end":{"line":63,"column":55}},"type":"binary-expr","locations":[{"start":{"line":61,"column":44},"end":{"line":62,"column":73}},{"start":{"line":63,"column":44},"end":{"line":63,"column":55}}],"line":61},"5":{"loc":{"start":{"line":65,"column":44},"end":{"line":67,"column":78}},"type":"cond-expr","locations":[{"start":{"line":66,"column":50},"end":{"line":66,"column":78}},{"start":{"line":67,"column":50},"end":{"line":67,"column":78}}],"line":65},"6":{"loc":{"start":{"line":70,"column":41},"end":{"line":73,"column":71}},"type":"cond-expr","locations":[{"start":{"line":72,"column":46},"end":{"line":72,"column":51}},{"start":{"line":73,"column":46},"end":{"line":73,"column":71}}],"line":70},"7":{"loc":{"start":{"line":82,"column":44},"end":{"line":84,"column":61}},"type":"cond-expr","locations":[{"start":{"line":83,"column":50},"end":{"line":83,"column":61}},{"start":{"line":84,"column":50},"end":{"line":84,"column":61}}],"line":82}},"s":{"0":1,"1":0,"2":0,"3":0,"4":0,"5":0,"6":0,"7":0,"8":0,"9":0,"10":0,"11":0},"f":{"0":0,"1":0,"2":0},"b":{"0":[0,0],"1":[0,0],"2":[0,0],"3":[0,0],"4":[0,0],"5":[0,0],"6":[0,0],"7":[0,0]},"_coverageSchema":"1a1c01bbd47fc00a2c39e90264f33305004495a9","hash":"8df94e2af62cd75dca5d55ce6edb320ac2862e93"}
,"/Users/nicktoye/Dev/weather-dashboard/client/src/features/DashboardPanels/HumidityPanel.tsx": {"path":"/Users/nicktoye/Dev/weather-dashboard/client/src/features/DashboardPanels/HumidityPanel.tsx","statementMap":{"0":{"start":{"line":10,"column":52},"end":{"line":57,"column":1}},"1":{"start":{"line":14,"column":17},"end":{"line":17,"column":5}},"2":{"start":{"line":19,"column":27},"end":{"line":36,"column":5}},"3":{"start":{"line":20,"column":8},"end":{"line":35,"column":9}},"4":{"start":{"line":21,"column":12},"end":{"line":24,"column":14}},"5":{"start":{"line":25,"column":15},"end":{"line":35,"column":9}},"6":{"start":{"line":26,"column":12},"end":{"line":29,"column":14}},"7":{"start":{"line":31,"column":12},"end":{"line":34,"column":14}},"8":{"start":{"line":38,"column":4},"end":{"line":56,"column":6}}},"fnMap":{"0":{"name":"(anonymous_0)","decl":{"start":{"line":10,"column":52},"end":{"line":10,"column":53}},"loc":{"start":{"line":13,"column":6},"end":{"line":57,"column":1}},"line":13},"1":{"name":"(anonymous_1)","decl":{"start":{"line":19,"column":27},"end":{"line":19,"column":28}},"loc":{"start":{"line":19,"column":42},"end":{"line":36,"column":5}},"line":19}},"branchMap":{"0":{"loc":{"start":{"line":20,"column":8},"end":{"line":35,"column":9}},"type":"if","locations":[{"start":{"line":20,"column":8},"end":{"line":35,"column":9}},{"start":{"line":25,"column":15},"end":{"line":35,"column":9}}],"line":20},"1":{"loc":{"start":{"line":25,"column":15},"end":{"line":35,"column":9}},"type":"if","locations":[{"start":{"line":25,"column":15},"end":{"line":35,"column":9}},{"start":{"line":30,"column":15},"end":{"line":35,"column":9}}],"line":25},"2":{"loc":{"start":{"line":25,"column":19},"end":{"line":25,"column":36}},"type":"binary-expr","locations":[{"start":{"line":25,"column":19},"end":{"line":25,"column":25}},{"start":{"line":25,"column":29},"end":{"line":25,"column":36}}],"line":25}},"s":{"0":1,"1":0,"2":0,"3":0,"4":0,"5":0,"6":0,"7":0,"8":0},"f":{"0":0,"1":0},"b":{"0":[0,0],"1":[0,0],"2":[0,0]},"_coverageSchema":"1a1c01bbd47fc00a2c39e90264f33305004495a9","hash":"6c9b698c6022f3e190dd6f33b39ec6443983dffb"}
,"/Users/nicktoye/Dev/weather-dashboard/client/src/features/DashboardPanels/RainPanel.tsx": {"path":"/Users/nicktoye/Dev/weather-dashboard/client/src/features/DashboardPanels/RainPanel.tsx","statementMap":{"0":{"start":{"line":13,"column":43},"end":{"line":49,"column":1}},"1":{"start":{"line":19,"column":8},"end":{"line":21,"column":58}},"2":{"start":{"line":23,"column":8},"end":{"line":23,"column":63}},"3":{"start":{"line":24,"column":17},"end":{"line":27,"column":5}},"4":{"start":{"line":29,"column":4},"end":{"line":48,"column":6}}},"fnMap":{"0":{"name":"(anonymous_0)","decl":{"start":{"line":13,"column":43},"end":{"line":13,"column":44}},"loc":{"start":{"line":17,"column":6},"end":{"line":49,"column":1}},"line":17}},"branchMap":{"0":{"loc":{"start":{"line":19,"column":8},"end":{"line":21,"column":58}},"type":"cond-expr","locations":[{"start":{"line":20,"column":14},"end":{"line":20,"column":58}},{"start":{"line":21,"column":14},"end":{"line":21,"column":58}}],"line":19},"1":{"loc":{"start":{"line":23,"column":8},"end":{"line":23,"column":63}},"type":"binary-expr","locations":[{"start":{"line":23,"column":8},"end":{"line":23,"column":58}},{"start":{"line":23,"column":62},"end":{"line":23,"column":63}}],"line":23}},"s":{"0":1,"1":0,"2":0,"3":0,"4":0},"f":{"0":0},"b":{"0":[0,0],"1":[0,0]},"_coverageSchema":"1a1c01bbd47fc00a2c39e90264f33305004495a9","hash":"1a4f97b9c46a14caa20667511ce0ac198eec0876"}
,"/Users/nicktoye/Dev/weather-dashboard/client/src/features/DashboardPanels/SnowPanel.tsx": {"path":"/Users/nicktoye/Dev/weather-dashboard/client/src/features/DashboardPanels/SnowPanel.tsx","statementMap":{"0":{"start":{"line":13,"column":43},"end":{"line":39,"column":1}},"1":{"start":{"line":14,"column":22},"end":{"line":14,"column":64}},"2":{"start":{"line":16,"column":8},"end":{"line":16,"column":63}},"3":{"start":{"line":17,"column":17},"end":{"line":20,"column":5}},"4":{"start":{"line":22,"column":4},"end":{"line":38,"column":6}}},"fnMap":{"0":{"name":"(anonymous_0)","decl":{"start":{"line":13,"column":43},"end":{"line":13,"column":44}},"loc":{"start":{"line":13,"column":73},"end":{"line":39,"column":1}},"line":13}},"branchMap":{"0":{"loc":{"start":{"line":16,"column":8},"end":{"line":16,"column":63}},"type":"binary-expr","locations":[{"start":{"line":16,"column":8},"end":{"line":16,"column":58}},{"start":{"line":16,"column":62},"end":{"line":16,"column":63}}],"line":16}},"s":{"0":1,"1":0,"2":0,"3":0,"4":0},"f":{"0":0},"b":{"0":[0,0]},"_coverageSchema":"1a1c01bbd47fc00a2c39e90264f33305004495a9","hash":"daa3a0386394ade0f07588a774287f540071b398"}
,"/Users/nicktoye/Dev/weather-dashboard/client/src/features/DashboardPanels/TemperaturePanel.tsx": {"path":"/Users/nicktoye/Dev/weather-dashboard/client/src/features/DashboardPanels/TemperaturePanel.tsx","statementMap":{"0":{"start":{"line":25,"column":22},"end":{"line":35,"column":1}},"1":{"start":{"line":26,"column":4},"end":{"line":34,"column":6}},"2":{"start":{"line":37,"column":58},"end":{"line":136,"column":1}},"3":{"start":{"line":42,"column":24},"end":{"line":42,"column":45}},"4":{"start":{"line":43,"column":33},"end":{"line":43,"column":60}},"5":{"start":{"line":45,"column":29},"end":{"line":45,"column":70}},"6":{"start":{"line":47,"column":17},"end":{"line":57,"column":6}},"7":{"start":{"line":48,"column":8},"end":{"line":56,"column":9}},"8":{"start":{"line":49,"column":30},"end":{"line":49,"column":53}},"9":{"start":{"line":50,"column":12},"end":{"line":53,"column":14}},"10":{"start":{"line":55,"column":12},"end":{"line":55,"column":24}},"11":{"start":{"line":59,"column":22},"end":{"line":59,"column":62}},"12":{"start":{"line":61,"column":4},"end":{"line":135,"column":6}}},"fnMap":{"0":{"name":"(anonymous_0)","decl":{"start":{"line":25,"column":22},"end":{"line":25,"column":23}},"loc":{"start":{"line":25,"column":57},"end":{"line":35,"column":1}},"line":25},"1":{"name":"(anonymous_1)","decl":{"start":{"line":37,"column":58},"end":{"line":37,"column":59}},"loc":{"start":{"line":41,"column":6},"end":{"line":136,"column":1}},"line":41},"2":{"name":"(anonymous_2)","decl":{"start":{"line":47,"column":34},"end":{"line":47,"column":35}},"loc":{"start":{"line":47,"column":44},"end":{"line":57,"column":5}},"line":47}},"branchMap":{"0":{"loc":{"start":{"line":48,"column":8},"end":{"line":56,"column":9}},"type":"if","locations":[{"start":{"line":48,"column":8},"end":{"line":56,"column":9}},{"start":{"line":54,"column":15},"end":{"line":56,"column":9}}],"line":48},"1":{"loc":{"start":{"line":48,"column":12},"end":{"line":48,"column":29}},"type":"binary-expr","locations":[{"start":{"line":48,"column":12},"end":{"line":48,"column":16}},{"start":{"line":48,"column":20},"end":{"line":48,"column":29}}],"line":48},"2":{"loc":{"start":{"line":52,"column":22},"end":{"line":52,"column":62}},"type":"cond-expr","locations":[{"start":{"line":52,"column":37},"end":{"line":52,"column":48}},{"start":{"line":52,"column":51},"end":{"line":52,"column":62}}],"line":52},"3":{"loc":{"start":{"line":59,"column":22},"end":{"line":59,"column":62}},"type":"cond-expr","locations":[{"start":{"line":59,"column":47},"end":{"line":59,"column":53}},{"start":{"line":59,"column":56},"end":{"line":59,"column":62}}],"line":59}},"s":{"0":1,"1":0,"2":1,"3":0,"4":0,"5":0,"6":0,"7":0,"8":0,"9":0,"10":0,"11":0,"12":0},"f":{"0":0,"1":0,"2":0},"b":{"0":[0,0],"1":[0,0],"2":[0,0],"3":[0,0]},"_coverageSchema":"1a1c01bbd47fc00a2c39e90264f33305004495a9","hash":"96b75656c24bec760c33a7125c13aec712b6f3f4"}
,"/Users/nicktoye/Dev/weather-dashboard/client/src/features/DashboardPanels/UVPanel.tsx": {"path":"/Users/nicktoye/Dev/weather-dashboard/client/src/features/DashboardPanels/UVPanel.tsx","statementMap":{"0":{"start":{"line":23,"column":20},"end":{"line":25,"column":1}},"1":{"start":{"line":24,"column":4},"end":{"line":24,"column":44}},"2":{"start":{"line":27,"column":22},"end":{"line":33,"column":1}},"3":{"start":{"line":28,"column":4},"end":{"line":32,"column":6}},"4":{"start":{"line":35,"column":35},"end":{"line":170,"column":1}},"5":{"start":{"line":40,"column":24},"end":{"line":40,"column":46}},"6":{"start":{"line":41,"column":20},"end":{"line":41,"column":36}},"7":{"start":{"line":42,"column":29},"end":{"line":42,"column":58}},"8":{"start":{"line":44,"column":17},"end":{"line":49,"column":6}},"9":{"start":{"line":45,"column":8},"end":{"line":48,"column":10}},"10":{"start":{"line":51,"column":22},"end":{"line":51,"column":62}},"11":{"start":{"line":53,"column":4},"end":{"line":169,"column":6}}},"fnMap":{"0":{"name":"(anonymous_0)","decl":{"start":{"line":23,"column":20},"end":{"line":23,"column":21}},"loc":{"start":{"line":23,"column":76},"end":{"line":25,"column":1}},"line":23},"1":{"name":"(anonymous_1)","decl":{"start":{"line":27,"column":22},"end":{"line":27,"column":23}},"loc":{"start":{"line":27,"column":51},"end":{"line":33,"column":1}},"line":27},"2":{"name":"(anonymous_2)","decl":{"start":{"line":35,"column":35},"end":{"line":35,"column":36}},"loc":{"start":{"line":39,"column":6},"end":{"line":170,"column":1}},"line":39},"3":{"name":"(anonymous_3)","decl":{"start":{"line":44,"column":38},"end":{"line":44,"column":39}},"loc":{"start":{"line":44,"column":46},"end":{"line":49,"column":5}},"line":44}},"branchMap":{"0":{"loc":{"start":{"line":24,"column":11},"end":{"line":24,"column":43}},"type":"binary-expr","locations":[{"start":{"line":24,"column":11},"end":{"line":24,"column":25}},{"start":{"line":24,"column":29},"end":{"line":24,"column":43}}],"line":24},"1":{"loc":{"start":{"line":40,"column":24},"end":{"line":40,"column":46}},"type":"binary-expr","locations":[{"start":{"line":40,"column":24},"end":{"line":40,"column":40}},{"start":{"line":40,"column":44},"end":{"line":40,"column":46}}],"line":40},"2":{"loc":{"start":{"line":41,"column":20},"end":{"line":41,"column":36}},"type":"binary-expr","locations":[{"start":{"line":41,"column":20},"end":{"line":41,"column":31}},{"start":{"line":41,"column":35},"end":{"line":41,"column":36}}],"line":41},"3":{"loc":{"start":{"line":51,"column":22},"end":{"line":51,"column":62}},"type":"cond-expr","locations":[{"start":{"line":51,"column":47},"end":{"line":51,"column":53}},{"start":{"line":51,"column":56},"end":{"line":51,"column":62}}],"line":51}},"s":{"0":1,"1":0,"2":1,"3":0,"4":1,"5":0,"6":0,"7":0,"8":0,"9":0,"10":0,"11":0},"f":{"0":0,"1":0,"2":0,"3":0},"b":{"0":[0,0],"1":[0,0],"2":[0,0],"3":[0,0]},"_coverageSchema":"1a1c01bbd47fc00a2c39e90264f33305004495a9","hash":"1b246bd6fc2f3f6b99aaa4dfd794dd2277b0465f"}
,"/Users/nicktoye/Dev/weather-dashboard/client/src/features/DashboardPanels/UnitSwitcher.tsx": {"path":"/Users/nicktoye/Dev/weather-dashboard/client/src/features/DashboardPanels/UnitSwitcher.tsx","statementMap":{"0":{"start":{"line":9,"column":48},"end":{"line":95,"column":1}},"1":{"start":{"line":14,"column":18},"end":{"line":34,"column":5}},"2":{"start":{"line":15,"column":8},"end":{"line":33,"column":9}},"3":{"start":{"line":16,"column":12},"end":{"line":20,"column":14}},"4":{"start":{"line":21,"column":15},"end":{"line":33,"column":9}},"5":{"start":{"line":22,"column":12},"end":{"line":26,"column":14}},"6":{"start":{"line":27,"column":15},"end":{"line":33,"column":9}},"7":{"start":{"line":28,"column":12},"end":{"line":32,"column":14}},"8":{"start":{"line":36,"column":38},"end":{"line":36,"column":52}},"9":{"start":{"line":38,"column":25},"end":{"line":47,"column":5}},"10":{"start":{"line":40,"column":12},"end":{"line":42,"column":39}},"11":{"start":{"line":43,"column":8},"end":{"line":46,"column":9}},"12":{"start":{"line":44,"column":12},"end":{"line":44,"column":34}},"13":{"start":{"line":45,"column":12},"end":{"line":45,"column":34}},"14":{"start":{"line":49,"column":4},"end":{"line":94,"column":6}}},"fnMap":{"0":{"name":"(anonymous_0)","decl":{"start":{"line":9,"column":48},"end":{"line":9,"column":49}},"loc":{"start":{"line":13,"column":6},"end":{"line":95,"column":1}},"line":13},"1":{"name":"(anonymous_1)","decl":{"start":{"line":14,"column":18},"end":{"line":14,"column":19}},"loc":{"start":{"line":14,"column":40},"end":{"line":34,"column":5}},"line":14},"2":{"name":"(anonymous_2)","decl":{"start":{"line":38,"column":25},"end":{"line":38,"column":26}},"loc":{"start":{"line":38,"column":31},"end":{"line":47,"column":5}},"line":38}},"branchMap":{"0":{"loc":{"start":{"line":15,"column":8},"end":{"line":33,"column":9}},"type":"if","locations":[{"start":{"line":15,"column":8},"end":{"line":33,"column":9}},{"start":{"line":21,"column":15},"end":{"line":33,"column":9}}],"line":15},"1":{"loc":{"start":{"line":21,"column":15},"end":{"line":33,"column":9}},"type":"if","locations":[{"start":{"line":21,"column":15},"end":{"line":33,"column":9}},{"start":{"line":27,"column":15},"end":{"line":33,"column":9}}],"line":21},"2":{"loc":{"start":{"line":27,"column":15},"end":{"line":33,"column":9}},"type":"if","locations":[{"start":{"line":27,"column":15},"end":{"line":33,"column":9}},{"start":{},"end":{}}],"line":27},"3":{"loc":{"start":{"line":40,"column":12},"end":{"line":42,"column":39}},"type":"cond-expr","locations":[{"start":{"line":41,"column":18},"end":{"line":41,"column":39}},{"start":{"line":42,"column":18},"end":{"line":42,"column":39}}],"line":40},"4":{"loc":{"start":{"line":43,"column":8},"end":{"line":46,"column":9}},"type":"if","locations":[{"start":{"line":43,"column":8},"end":{"line":46,"column":9}},{"start":{},"end":{}}],"line":43},"5":{"loc":{"start":{"line":86,"column":28},"end":{"line":88,"column":55}},"type":"cond-expr","locations":[{"start":{"line":87,"column":34},"end":{"line":87,"column":56}},{"start":{"line":88,"column":34},"end":{"line":88,"column":55}}],"line":86}},"s":{"0":1,"1":3,"2":30,"3":10,"4":20,"5":10,"6":10,"7":10,"8":3,"9":3,"10":0,"11":0,"12":0,"13":0,"14":3},"f":{"0":3,"1":30,"2":0},"b":{"0":[10,20],"1":[10,10],"2":[10,0],"3":[0,0],"4":[0,0],"5":[0,3]},"_coverageSchema":"1a1c01bbd47fc00a2c39e90264f33305004495a9","hash":"bf45f640dfe6c0ebadb0e35abbaced1e2c7a37c4"}
,"/Users/nicktoye/Dev/weather-dashboard/client/src/features/DashboardPanels/WeeklyForecast.tsx": {"path":"/Users/nicktoye/Dev/weather-dashboard/client/src/features/DashboardPanels/WeeklyForecast.tsx","statementMap":{"0":{"start":{"line":11,"column":54},"end":{"line":54,"column":1}},"1":{"start":{"line":12,"column":27},"end":{"line":12,"column":56}},"2":{"start":{"line":13,"column":4},"end":{"line":53,"column":6}},"3":{"start":{"line":21,"column":24},"end":{"line":48,"column":30}}},"fnMap":{"0":{"name":"(anonymous_0)","decl":{"start":{"line":11,"column":54},"end":{"line":11,"column":55}},"loc":{"start":{"line":11,"column":78},"end":{"line":54,"column":1}},"line":11},"1":{"name":"(anonymous_1)","decl":{"start":{"line":20,"column":40},"end":{"line":20,"column":41}},"loc":{"start":{"line":21,"column":24},"end":{"line":48,"column":30}},"line":21}},"branchMap":{"0":{"loc":{"start":{"line":27,"column":37},"end":{"line":29,"column":63}},"type":"cond-expr","locations":[{"start":{"line":28,"column":42},"end":{"line":28,"column":52}},{"start":{"line":29,"column":42},"end":{"line":29,"column":63}}],"line":27},"1":{"loc":{"start":{"line":37,"column":36},"end":{"line":39,"column":57}},"type":"cond-expr","locations":[{"start":{"line":38,"column":42},"end":{"line":38,"column":57}},{"start":{"line":39,"column":42},"end":{"line":39,"column":57}}],"line":37}},"s":{"0":1,"1":0,"2":0,"3":0},"f":{"0":0,"1":0},"b":{"0":[0,0],"1":[0,0]},"_coverageSchema":"1a1c01bbd47fc00a2c39e90264f33305004495a9","hash":"798c68712cbdc8f584e778c1619f48edb1a46fef"}
,"/Users/nicktoye/Dev/weather-dashboard/client/src/features/DashboardPanels/WindPanel.tsx": {"path":"/Users/nicktoye/Dev/weather-dashboard/client/src/features/DashboardPanels/WindPanel.tsx","statementMap":{"0":{"start":{"line":28,"column":22},"end":{"line":37,"column":1}},"1":{"start":{"line":29,"column":4},"end":{"line":36,"column":6}},"2":{"start":{"line":39,"column":44},"end":{"line":150,"column":1}},"3":{"start":{"line":45,"column":34},"end":{"line":45,"column":56}},"4":{"start":{"line":47,"column":22},"end":{"line":47,"column":41}},"5":{"start":{"line":48,"column":24},"end":{"line":48,"column":49}},"6":{"start":{"line":49,"column":29},"end":{"line":49,"column":61}},"7":{"start":{"line":51,"column":17},"end":{"line":57,"column":6}},"8":{"start":{"line":52,"column":26},"end":{"line":52,"column":49}},"9":{"start":{"line":53,"column":8},"end":{"line":56,"column":10}},"10":{"start":{"line":59,"column":22},"end":{"line":59,"column":62}},"11":{"start":{"line":61,"column":4},"end":{"line":149,"column":6}}},"fnMap":{"0":{"name":"(anonymous_0)","decl":{"start":{"line":28,"column":22},"end":{"line":28,"column":23}},"loc":{"start":{"line":28,"column":57},"end":{"line":37,"column":1}},"line":28},"1":{"name":"(anonymous_1)","decl":{"start":{"line":39,"column":44},"end":{"line":39,"column":45}},"loc":{"start":{"line":44,"column":6},"end":{"line":150,"column":1}},"line":44},"2":{"name":"(anonymous_2)","decl":{"start":{"line":51,"column":34},"end":{"line":51,"column":35}},"loc":{"start":{"line":51,"column":44},"end":{"line":57,"column":5}},"line":51}},"branchMap":{"0":{"loc":{"start":{"line":45,"column":34},"end":{"line":45,"column":56}},"type":"binary-expr","locations":[{"start":{"line":45,"column":34},"end":{"line":45,"column":50}},{"start":{"line":45,"column":54},"end":{"line":45,"column":56}}],"line":45},"1":{"loc":{"start":{"line":55,"column":18},"end":{"line":55,"column":70}},"type":"cond-expr","locations":[{"start":{"line":55,"column":41},"end":{"line":55,"column":54}},{"start":{"line":55,"column":57},"end":{"line":55,"column":70}}],"line":55},"2":{"loc":{"start":{"line":59,"column":22},"end":{"line":59,"column":62}},"type":"cond-expr","locations":[{"start":{"line":59,"column":47},"end":{"line":59,"column":53}},{"start":{"line":59,"column":56},"end":{"line":59,"column":62}}],"line":59},"3":{"loc":{"start":{"line":71,"column":25},"end":{"line":73,"column":46}},"type":"cond-expr","locations":[{"start":{"line":72,"column":30},"end":{"line":72,"column":46}},{"start":{"line":73,"column":30},"end":{"line":73,"column":46}}],"line":71}},"s":{"0":1,"1":0,"2":1,"3":0,"4":0,"5":0,"6":0,"7":0,"8":0,"9":0,"10":0,"11":0},"f":{"0":0,"1":0,"2":0},"b":{"0":[0,0],"1":[0,0],"2":[0,0],"3":[0,0]},"_coverageSchema":"1a1c01bbd47fc00a2c39e90264f33305004495a9","hash":"16b02536525e9b051b14662af135e24ebf52d876"}
,"/Users/nicktoye/Dev/weather-dashboard/client/src/features/DashboardPanels/unused/LocalMap.tsx": {"path":"/Users/nicktoye/Dev/weather-dashboard/client/src/features/DashboardPanels/unused/LocalMap.tsx","statementMap":{"0":{"start":{"line":8,"column":42},"end":{"line":18,"column":1}},"1":{"start":{"line":9,"column":21},"end":{"line":9,"column":43}},"2":{"start":{"line":11,"column":4},"end":{"line":17,"column":6}}},"fnMap":{"0":{"name":"(anonymous_0)","decl":{"start":{"line":8,"column":42},"end":{"line":8,"column":43}},"loc":{"start":{"line":8,"column":60},"end":{"line":18,"column":1}},"line":8}},"branchMap":{},"s":{"0":0,"1":0,"2":0},"f":{"0":0},"b":{}}
,"/Users/nicktoye/Dev/weather-dashboard/client/src/features/DashboardPanels/unused/WindDirectionPanel.tsx": {"path":"/Users/nicktoye/Dev/weather-dashboard/client/src/features/DashboardPanels/unused/WindDirectionPanel.tsx","statementMap":{"0":{"start":{"line":7,"column":62},"end":{"line":62,"column":1}},"1":{"start":{"line":11,"column":21},"end":{"line":11,"column":44}},"2":{"start":{"line":13,"column":4},"end":{"line":61,"column":6}}},"fnMap":{"0":{"name":"(anonymous_0)","decl":{"start":{"line":7,"column":62},"end":{"line":7,"column":63}},"loc":{"start":{"line":9,"column":6},"end":{"line":62,"column":1}},"line":9}},"branchMap":{},"s":{"0":0,"1":0,"2":0},"f":{"0":0},"b":{}}
,"/Users/nicktoye/Dev/weather-dashboard/client/src/hooks/useDarkMode.ts": {"path":"/Users/nicktoye/Dev/weather-dashboard/client/src/hooks/useDarkMode.ts","statementMap":{"0":{"start":{"line":4,"column":30},"end":{"line":4,"column":58}},"1":{"start":{"line":5,"column":23},"end":{"line":5,"column":58}},"2":{"start":{"line":7,"column":4},"end":{"line":14,"column":28}},"3":{"start":{"line":8,"column":21},"end":{"line":8,"column":52}},"4":{"start":{"line":9,"column":8},"end":{"line":9,"column":42}},"5":{"start":{"line":10,"column":8},"end":{"line":10,"column":34}},"6":{"start":{"line":13,"column":8},"end":{"line":13,"column":45}},"7":{"start":{"line":16,"column":4},"end":{"line":16,"column":34}}},"fnMap":{"0":{"name":"useDarkMode","decl":{"start":{"line":3,"column":24},"end":{"line":3,"column":35}},"loc":{"start":{"line":3,"column":66},"end":{"line":17,"column":1}},"line":3},"1":{"name":"(anonymous_1)","decl":{"start":{"line":7,"column":14},"end":{"line":7,"column":15}},"loc":{"start":{"line":7,"column":20},"end":{"line":14,"column":5}},"line":7}},"branchMap":{"0":{"loc":{"start":{"line":5,"column":23},"end":{"line":5,"column":58}},"type":"cond-expr","locations":[{"start":{"line":5,"column":42},"end":{"line":5,"column":49}},{"start":{"line":5,"column":52},"end":{"line":5,"column":58}}],"line":5}},"s":{"0":1,"1":1,"2":1,"3":1,"4":1,"5":1,"6":1,"7":1},"f":{"0":1,"1":1},"b":{"0":[0,1]},"_coverageSchema":"1a1c01bbd47fc00a2c39e90264f33305004495a9","hash":"2cd407f5702e986afa07921cde21684ddf4820a2"}
,"/Users/nicktoye/Dev/weather-dashboard/client/src/types/types.ts": {"path":"/Users/nicktoye/Dev/weather-dashboard/client/src/types/types.ts","statementMap":{},"fnMap":{},"branchMap":{},"s":{},"f":{},"b":{}}
,"/Users/nicktoye/Dev/weather-dashboard/client/src/utils/dates.utils.tsx": {"path":"/Users/nicktoye/Dev/weather-dashboard/client/src/utils/dates.utils.tsx","statementMap":{"0":{"start":{"line":1,"column":33},"end":{"line":9,"column":1}},"1":{"start":{"line":2,"column":24},"end":{"line":2,"column":34}},"2":{"start":{"line":3,"column":4},"end":{"line":8,"column":7}},"3":{"start":{"line":11,"column":24},"end":{"line":11,"column":61}},"4":{"start":{"line":13,"column":28},"end":{"line":19,"column":1}},"5":{"start":{"line":14,"column":20},"end":{"line":14,"column":34}},"6":{"start":{"line":15,"column":4},"end":{"line":18,"column":7}},"7":{"start":{"line":21,"column":23},"end":{"line":28,"column":1}},"8":{"start":{"line":22,"column":20},"end":{"line":22,"column":34}},"9":{"start":{"line":23,"column":4},"end":{"line":27,"column":7}},"10":{"start":{"line":30,"column":22},"end":{"line":35,"column":1}},"11":{"start":{"line":31,"column":20},"end":{"line":31,"column":34}},"12":{"start":{"line":32,"column":4},"end":{"line":34,"column":7}},"13":{"start":{"line":37,"column":23},"end":{"line":45,"column":1}},"14":{"start":{"line":38,"column":20},"end":{"line":38,"column":34}},"15":{"start":{"line":39,"column":23},"end":{"line":42,"column":6}},"16":{"start":{"line":43,"column":32},"end":{"line":43,"column":68}},"17":{"start":{"line":44,"column":4},"end":{"line":44,"column":31}},"18":{"start":{"line":47,"column":28},"end":{"line":64,"column":1}},"19":{"start":{"line":48,"column":20},"end":{"line":48,"column":34}},"20":{"start":{"line":49,"column":23},"end":{"line":52,"column":6}},"21":{"start":{"line":53,"column":17},"end":{"line":53,"column":37}},"22":{"start":{"line":55,"column":4},"end":{"line":63,"column":5}},"23":{"start":{"line":56,"column":8},"end":{"line":56,"column":25}},"24":{"start":{"line":57,"column":11},"end":{"line":63,"column":5}},"25":{"start":{"line":58,"column":8},"end":{"line":58,"column":27}},"26":{"start":{"line":59,"column":11},"end":{"line":63,"column":5}},"27":{"start":{"line":60,"column":8},"end":{"line":60,"column":25}},"28":{"start":{"line":62,"column":8},"end":{"line":62,"column":23}},"29":{"start":{"line":66,"column":35},"end":{"line":77,"column":1}},"30":{"start":{"line":67,"column":25},"end":{"line":67,"column":39}},"31":{"start":{"line":68,"column":4},"end":{"line":76,"column":5}},"32":{"start":{"line":69,"column":8},"end":{"line":69,"column":25}},"33":{"start":{"line":70,"column":11},"end":{"line":76,"column":5}},"34":{"start":{"line":71,"column":8},"end":{"line":71,"column":27}},"35":{"start":{"line":72,"column":11},"end":{"line":76,"column":5}},"36":{"start":{"line":73,"column":8},"end":{"line":73,"column":25}},"37":{"start":{"line":75,"column":8},"end":{"line":75,"column":23}}},"fnMap":{"0":{"name":"(anonymous_0)","decl":{"start":{"line":1,"column":33},"end":{"line":1,"column":34}},"loc":{"start":{"line":1,"column":47},"end":{"line":9,"column":1}},"line":1},"1":{"name":"(anonymous_1)","decl":{"start":{"line":13,"column":28},"end":{"line":13,"column":29}},"loc":{"start":{"line":13,"column":46},"end":{"line":19,"column":1}},"line":13},"2":{"name":"(anonymous_2)","decl":{"start":{"line":21,"column":23},"end":{"line":21,"column":24}},"loc":{"start":{"line":21,"column":41},"end":{"line":28,"column":1}},"line":21},"3":{"name":"(anonymous_3)","decl":{"start":{"line":30,"column":22},"end":{"line":30,"column":23}},"loc":{"start":{"line":30,"column":56},"end":{"line":35,"column":1}},"line":30},"4":{"name":"(anonymous_4)","decl":{"start":{"line":37,"column":23},"end":{"line":37,"column":24}},"loc":{"start":{"line":37,"column":62},"end":{"line":45,"column":1}},"line":37},"5":{"name":"(anonymous_5)","decl":{"start":{"line":47,"column":28},"end":{"line":47,"column":29}},"loc":{"start":{"line":47,"column":46},"end":{"line":64,"column":1}},"line":47},"6":{"name":"(anonymous_6)","decl":{"start":{"line":66,"column":35},"end":{"line":66,"column":36}},"loc":{"start":{"line":66,"column":53},"end":{"line":77,"column":1}},"line":66}},"branchMap":{"0":{"loc":{"start":{"line":33,"column":17},"end":{"line":33,"column":41}},"type":"cond-expr","locations":[{"start":{"line":33,"column":25},"end":{"line":33,"column":32}},{"start":{"line":33,"column":35},"end":{"line":33,"column":41}}],"line":33},"1":{"loc":{"start":{"line":55,"column":4},"end":{"line":63,"column":5}},"type":"if","locations":[{"start":{"line":55,"column":4},"end":{"line":63,"column":5}},{"start":{"line":57,"column":11},"end":{"line":63,"column":5}}],"line":55},"2":{"loc":{"start":{"line":55,"column":8},"end":{"line":55,"column":30}},"type":"binary-expr","locations":[{"start":{"line":55,"column":8},"end":{"line":55,"column":17}},{"start":{"line":55,"column":21},"end":{"line":55,"column":30}}],"line":55},"3":{"loc":{"start":{"line":57,"column":11},"end":{"line":63,"column":5}},"type":"if","locations":[{"start":{"line":57,"column":11},"end":{"line":63,"column":5}},{"start":{"line":59,"column":11},"end":{"line":63,"column":5}}],"line":57},"4":{"loc":{"start":{"line":57,"column":15},"end":{"line":57,"column":38}},"type":"binary-expr","locations":[{"start":{"line":57,"column":15},"end":{"line":57,"column":25}},{"start":{"line":57,"column":29},"end":{"line":57,"column":38}}],"line":57},"5":{"loc":{"start":{"line":59,"column":11},"end":{"line":63,"column":5}},"type":"if","locations":[{"start":{"line":59,"column":11},"end":{"line":63,"column":5}},{"start":{"line":61,"column":11},"end":{"line":63,"column":5}}],"line":59},"6":{"loc":{"start":{"line":59,"column":15},"end":{"line":59,"column":38}},"type":"binary-expr","locations":[{"start":{"line":59,"column":15},"end":{"line":59,"column":25}},{"start":{"line":59,"column":29},"end":{"line":59,"column":38}}],"line":59},"7":{"loc":{"start":{"line":68,"column":4},"end":{"line":76,"column":5}},"type":"if","locations":[{"start":{"line":68,"column":4},"end":{"line":76,"column":5}},{"start":{"line":70,"column":11},"end":{"line":76,"column":5}}],"line":68},"8":{"loc":{"start":{"line":68,"column":8},"end":{"line":68,"column":46}},"type":"binary-expr","locations":[{"start":{"line":68,"column":8},"end":{"line":68,"column":25}},{"start":{"line":68,"column":29},"end":{"line":68,"column":46}}],"line":68},"9":{"loc":{"start":{"line":70,"column":11},"end":{"line":76,"column":5}},"type":"if","locations":[{"start":{"line":70,"column":11},"end":{"line":76,"column":5}},{"start":{"line":72,"column":11},"end":{"line":76,"column":5}}],"line":70},"10":{"loc":{"start":{"line":70,"column":15},"end":{"line":70,"column":54}},"type":"binary-expr","locations":[{"start":{"line":70,"column":15},"end":{"line":70,"column":33}},{"start":{"line":70,"column":37},"end":{"line":70,"column":54}}],"line":70},"11":{"loc":{"start":{"line":72,"column":11},"end":{"line":76,"column":5}},"type":"if","locations":[{"start":{"line":72,"column":11},"end":{"line":76,"column":5}},{"start":{"line":74,"column":11},"end":{"line":76,"column":5}}],"line":72},"12":{"loc":{"start":{"line":72,"column":15},"end":{"line":72,"column":54}},"type":"binary-expr","locations":[{"start":{"line":72,"column":15},"end":{"line":72,"column":33}},{"start":{"line":72,"column":37},"end":{"line":72,"column":54}}],"line":72}},"s":{"0":1,"1":1,"2":1,"3":1,"4":1,"5":0,"6":0,"7":1,"8":0,"9":0,"10":1,"11":0,"12":0,"13":1,"14":0,"15":0,"16":0,"17":0,"18":1,"19":0,"20":0,"21":0,"22":0,"23":0,"24":0,"25":0,"26":0,"27":0,"28":0,"29":1,"30":0,"31":0,"32":0,"33":0,"34":0,"35":0,"36":0,"37":0},"f":{"0":1,"1":0,"2":0,"3":0,"4":0,"5":0,"6":0},"b":{"0":[0,0],"1":[0,0],"2":[0,0],"3":[0,0],"4":[0,0],"5":[0,0],"6":[0,0],"7":[0,0],"8":[0,0],"9":[0,0],"10":[0,0],"11":[0,0],"12":[0,0]},"_coverageSchema":"1a1c01bbd47fc00a2c39e90264f33305004495a9","hash":"af4992580dcfd53730d8c1dc19c42fdc206ba78d"}
}
