TN:
SF:src/App.tsx
FN:11,App
FN:15,(anonymous_1)
FN:19,(anonymous_2)
FNF:3
FNH:1
FNDA:3,App
FNDA:0,(anonymous_1)
FNDA:0,(anonymous_2)
DA:12,3
DA:13,2
DA:15,2
DA:16,0
DA:19,2
DA:20,0
DA:23,2
LF:7
LH:5
BRDA:28,0,0,0
BRDA:28,0,1,2
BRDA:55,1,0,2
BRDA:55,1,1,2
BRF:4
BRH:3
end_of_record
TN:
SF:src/components/Badge.tsx
FN:41,(anonymous_0)
FNF:1
FNH:1
FNDA:8,(anonymous_0)
DA:41,3
DA:48,8
LF:2
LH:2
BRDA:43,0,0,3
BRDA:44,1,0,3
BRDA:45,2,0,2
BRDA:46,3,0,1
BRDA:50,4,0,2
BRDA:50,4,1,6
BRDA:51,5,0,2
BRDA:51,5,1,6
BRF:8
BRH:8
end_of_record
TN:
SF:src/components/Button.tsx
FN:43,(anonymous_0)
FNF:1
FNH:1
FNDA:38,(anonymous_0)
DA:43,5
DA:50,38
LF:2
LH:2
BRDA:46,0,0,1
BRDA:47,1,0,23
BRDA:48,2,0,23
BRF:3
BRH:3
end_of_record
TN:
SF:src/components/CustomRadio.tsx
FN:43,(anonymous_0)
FNF:1
FNH:1
FNDA:15,(anonymous_0)
DA:43,2
DA:50,15
LF:2
LH:2
BRF:0
BRH:0
end_of_record
TN:
SF:src/components/CustomTooltip.tsx
FN:41,(anonymous_0)
FN:49,(anonymous_1)
FNF:2
FNH:2
FNDA:8,(anonymous_0)
FNDA:6,(anonymous_1)
DA:41,6
DA:47,8
DA:48,6
DA:49,6
DA:50,6
DA:51,4
DA:52,2
DA:53,1
DA:55,1
DA:57,6
LF:10
LH:10
BRDA:47,0,0,2
BRDA:47,0,1,6
BRDA:47,1,0,8
BRDA:47,1,1,7
BRDA:50,2,0,4
BRDA:50,2,1,2
BRDA:52,3,0,1
BRDA:52,3,1,1
BRDA:60,4,0,6
BRDA:60,4,1,5
BRDA:61,5,0,6
BRDA:61,5,1,5
BRDA:62,6,0,4
BRDA:62,6,1,2
BRF:14
BRH:14
end_of_record
TN:
SF:src/components/Icon.tsx
FN:42,(anonymous_0)
FNF:1
FNH:1
FNDA:110,(anonymous_0)
DA:42,14
DA:48,110
LF:2
LH:2
BRDA:44,0,0,3
BRDA:46,1,0,1
BRF:2
BRH:2
end_of_record
TN:
SF:src/components/Input.tsx
FN:40,(anonymous_0)
FNF:1
FNH:1
FNDA:4,(anonymous_0)
DA:40,3
DA:46,4
LF:2
LH:2
BRDA:48,0,0,4
BRDA:48,0,1,4
BRDA:60,1,0,4
BRDA:60,1,1,4
BRF:4
BRH:4
end_of_record
TN:
SF:src/components/Loader.tsx
FN:33,(anonymous_0)
FNF:1
FNH:1
FNDA:4,(anonymous_0)
DA:33,2
DA:37,4
LF:2
LH:2
BRDA:34,0,0,1
BRDA:35,1,0,1
BRF:2
BRH:2
end_of_record
TN:
SF:src/components/ModeSwitcher.tsx
FN:20,(anonymous_0)
FN:23,(anonymous_1)
FN:31,(anonymous_2)
FNF:3
FNH:1
FNDA:5,(anonymous_0)
FNDA:0,(anonymous_1)
FNDA:0,(anonymous_2)
DA:20,1
DA:21,5
DA:23,0
DA:24,0
DA:25,0
DA:28,0
DA:31,0
LF:7
LH:2
BRDA:24,0,0,0
BRDA:24,0,1,0
BRF:2
BRH:0
end_of_record
TN:
SF:src/components/Panel.tsx
FN:44,(anonymous_0)
FNF:1
FNH:1
FNDA:35,(anonymous_0)
DA:44,12
DA:51,35
LF:2
LH:2
BRDA:46,0,0,13
BRDA:47,1,0,32
BRDA:48,2,0,27
BRDA:49,3,0,1
BRDA:55,4,0,35
BRDA:55,4,1,8
BRF:6
BRH:6
end_of_record
TN:
SF:src/components/PieChance.tsx
FN:54,(anonymous_0)
FN:65,(anonymous_1)
FN:86,(anonymous_2)
FN:111,(anonymous_3)
FNF:4
FNH:4
FNDA:8,(anonymous_0)
FNDA:16,(anonymous_1)
FNDA:16,(anonymous_2)
FNDA:16,(anonymous_3)
DA:54,5
DA:55,8
DA:56,8
DA:62,8
DA:64,8
DA:65,8
DA:66,16
DA:67,8
DA:79,8
DA:82,8
DA:87,16
DA:112,16
LF:12
LH:12
BRDA:62,0,0,8
BRDA:62,0,1,0
BRDA:66,1,0,8
BRDA:66,1,1,8
BRF:4
BRH:3
end_of_record
TN:
SF:src/components/UVIndexBadges.tsx
FN:70,(anonymous_0)
FN:73,(anonymous_1)
FNF:2
FNH:2
FNDA:1,(anonymous_0)
FNDA:5,(anonymous_1)
DA:44,2
DA:70,2
DA:71,1
DA:74,5
LF:4
LH:4
BRDA:78,0,0,5
BRDA:78,0,1,2
BRF:2
BRH:2
end_of_record
TN:
SF:src/components/UnitSwitcher.tsx
FN:40,(anonymous_0)
FN:48,(anonymous_1)
FN:52,(anonymous_2)
FN:96,units
FNF:4
FNH:2
FNDA:6,(anonymous_0)
FNDA:0,(anonymous_1)
FNDA:0,(anonymous_2)
FNDA:6,units
DA:40,1
DA:45,6
DA:46,6
DA:48,6
DA:49,0
DA:52,6
DA:54,0
DA:55,0
DA:56,0
DA:57,0
DA:61,6
DA:97,6
DA:99,2
DA:101,2
DA:103,2
DA:105,0
LF:16
LH:10
BRDA:54,0,0,0
BRDA:54,0,1,0
BRDA:55,1,0,0
BRDA:55,1,1,0
BRDA:85,2,0,0
BRDA:85,2,1,6
BRDA:97,3,0,2
BRDA:97,3,1,2
BRDA:97,3,2,2
BRDA:97,3,3,0
BRF:10
BRH:4
end_of_record
TN:
SF:src/context/themeContext.tsx
FN:12,ThemeProvider
FN:22,useTheme
FNF:2
FNH:2
FNDA:14,ThemeProvider
FNDA:19,useTheme
DA:10,9
DA:13,14
DA:15,14
DA:17,14
DA:23,19
DA:24,18
DA:25,4
DA:27,14
LF:8
LH:8
BRDA:24,0,0,4
BRDA:24,0,1,14
BRF:2
BRH:2
end_of_record
TN:
SF:src/context/unitsContext.tsx
FN:14,(anonymous_0)
FN:19,(anonymous_1)
FN:24,(anonymous_2)
FN:29,(anonymous_3)
FN:36,UnitsProvider
FN:41,(anonymous_5)
FN:45,(anonymous_6)
FN:50,(anonymous_7)
FNF:8
FNH:1
FNDA:4,(anonymous_0)
FNDA:0,(anonymous_1)
FNDA:0,(anonymous_2)
FNDA:0,(anonymous_3)
FNDA:0,UnitsProvider
FNDA:0,(anonymous_5)
FNDA:0,(anonymous_6)
FNDA:0,(anonymous_7)
DA:12,1
DA:14,1
DA:15,4
DA:20,0
DA:25,0
DA:30,0
DA:37,0
DA:38,0
DA:39,0
DA:41,0
DA:42,0
DA:45,0
DA:46,0
DA:47,0
DA:50,0
DA:51,0
DA:54,0
LF:17
LH:3
BRDA:15,0,0,4
BRDA:15,0,1,4
BRF:2
BRH:2
end_of_record
TN:
SF:src/features/DashboardPanels/AlertPanel.tsx
FN:47,(anonymous_0)
FN:53,(anonymous_1)
FN:66,(anonymous_2)
FN:80,(anonymous_3)
FNF:4
FNH:4
FNDA:26,(anonymous_0)
FNDA:21,(anonymous_1)
FNDA:3,(anonymous_2)
FNDA:3,(anonymous_3)
DA:47,4
DA:48,26
DA:49,26
DA:50,26
DA:53,26
DA:54,21
DA:55,21
DA:59,26
DA:66,26
DA:67,3
DA:70,26
DA:80,3
LF:12
LH:12
BRDA:54,0,0,21
BRDA:54,0,1,0
BRDA:60,1,0,22
BRDA:60,1,1,4
BRDA:61,2,0,22
BRDA:61,2,1,4
BRDA:62,3,0,22
BRDA:62,3,1,4
BRF:8
BRH:7
end_of_record
TN:
SF:src/features/DashboardPanels/AlertsPanel.tsx
FN:39,(anonymous_0)
FN:43,(anonymous_1)
FN:49,(anonymous_2)
FN:51,(anonymous_3)
FN:52,(anonymous_4)
FN:56,(anonymous_5)
FN:92,(anonymous_6)
FN:96,(anonymous_7)
FNF:8
FNH:8
FNDA:15,(anonymous_0)
FNDA:6,(anonymous_1)
FNDA:2,(anonymous_2)
FNDA:2,(anonymous_3)
FNDA:4,(anonymous_4)
FNDA:1,(anonymous_5)
FNDA:16,(anonymous_6)
FNDA:2,(anonymous_7)
DA:39,3
DA:40,15
DA:41,15
DA:43,15
DA:44,6
DA:45,6
DA:46,6
DA:49,15
DA:50,2
DA:51,2
DA:52,4
DA:56,15
DA:57,1
DA:60,15
DA:62,15
DA:93,16
DA:96,2
LF:17
LH:17
BRDA:44,0,0,6
BRDA:44,0,1,0
BRDA:81,1,0,2
BRDA:81,1,1,13
BRF:4
BRH:3
end_of_record
TN:
SF:src/features/DashboardPanels/CloudPanel.tsx
FN:34,(anonymous_0)
FNF:1
FNH:1
FNDA:1,(anonymous_0)
DA:34,2
DA:35,1
DA:36,1
DA:41,1
DA:43,1
LF:5
LH:5
BRDA:35,0,0,1
BRDA:35,0,1,0
BRF:2
BRH:1
end_of_record
TN:
SF:src/features/DashboardPanels/ForecastsContainer.tsx
FN:50,(anonymous_0)
FNF:1
FNH:1
FNDA:3,(anonymous_0)
DA:50,2
DA:56,3
DA:58,3
LF:3
LH:3
BRDA:61,0,0,3
BRDA:61,0,1,3
BRDA:63,1,0,3
BRDA:63,1,1,3
BRDA:64,2,0,3
BRDA:64,2,1,3
BRF:6
BRH:6
end_of_record
TN:
SF:src/features/DashboardPanels/HeroPanel.tsx
FN:36,(anonymous_0)
FNF:1
FNH:1
FNDA:3,(anonymous_0)
DA:36,2
DA:41,3
DA:42,3
DA:43,3
DA:44,3
LF:5
LH:5
BRDA:41,0,0,3
BRDA:41,0,1,0
BRDA:42,1,0,3
BRDA:42,1,1,0
BRDA:43,2,0,3
BRDA:43,2,1,0
BRDA:65,3,0,3
BRDA:65,3,1,0
BRDA:67,4,0,3
BRDA:67,4,1,0
BRF:10
BRH:5
end_of_record
TN:
SF:src/features/DashboardPanels/HourlyForecastPanel.tsx
FN:42,(anonymous_0)
FN:59,(anonymous_1)
FN:81,(anonymous_2)
FNF:3
FNH:3
FNDA:5,(anonymous_0)
FNDA:4,(anonymous_1)
FNDA:4,(anonymous_2)
DA:42,3
DA:47,5
DA:48,0
DA:52,5
DA:55,5
DA:56,5
DA:57,5
DA:58,5
DA:59,4
DA:64,5
DA:69,5
DA:82,4
LF:12
LH:11
BRDA:47,0,0,0
BRDA:47,0,1,5
BRDA:56,1,0,5
BRDA:56,1,1,0
BRDA:79,2,0,4
BRDA:79,2,1,1
BRDA:85,3,0,4
BRDA:85,3,1,0
BRDA:92,4,0,4
BRDA:92,4,1,4
BRDA:95,5,0,4
BRDA:95,5,1,0
BRDA:100,6,0,0
BRDA:100,6,1,4
BRDA:110,7,0,4
BRDA:110,7,1,0
BRF:16
BRH:10
end_of_record
TN:
SF:src/features/DashboardPanels/HumidityPanel.tsx
FN:32,(anonymous_0)
FNF:1
FNH:1
FNDA:1,(anonymous_0)
DA:32,2
DA:33,1
DA:38,1
DA:40,1
LF:4
LH:4
BRF:0
BRH:0
end_of_record
TN:
SF:src/features/DashboardPanels/RainPanel.tsx
FN:28,(anonymous_0)
FNF:1
FNH:1
FNDA:3,(anonymous_0)
DA:28,2
DA:30,3
DA:33,3
DA:34,3
DA:39,3
LF:5
LH:5
BRDA:30,0,0,3
BRDA:30,0,1,0
BRDA:32,1,0,0
BRDA:32,1,1,0
BRDA:33,2,0,3
BRDA:33,2,1,0
BRF:6
BRH:2
end_of_record
TN:
SF:src/features/DashboardPanels/SnowPanel.tsx
FN:29,(anonymous_0)
FNF:1
FNH:1
FNDA:3,(anonymous_0)
DA:29,2
DA:31,3
DA:34,3
DA:35,3
DA:40,3
LF:5
LH:5
BRDA:31,0,0,2
BRDA:31,0,1,1
BRDA:33,1,0,1
BRDA:33,1,1,0
BRDA:34,2,0,3
BRDA:34,2,1,0
BRF:6
BRH:4
end_of_record
TN:
SF:src/features/DashboardPanels/TemperaturePanel.tsx
FN:47,(anonymous_0)
FN:56,(anonymous_1)
FNF:2
FNH:2
FNDA:4,(anonymous_0)
FNDA:8,(anonymous_1)
DA:47,3
DA:51,4
DA:52,4
DA:54,4
DA:56,4
DA:57,8
DA:58,8
DA:59,8
DA:64,0
DA:68,4
DA:70,4
LF:11
LH:10
BRDA:57,0,0,8
BRDA:57,0,1,0
BRDA:57,1,0,8
BRDA:57,1,1,8
BRDA:61,2,0,8
BRDA:61,2,1,0
BRDA:68,3,0,0
BRDA:68,3,1,4
BRF:8
BRH:5
end_of_record
TN:
SF:src/features/DashboardPanels/UVPanel.tsx
FN:51,(anonymous_0)
FN:56,(anonymous_1)
FNF:2
FNH:1
FNDA:1,(anonymous_0)
FNDA:0,(anonymous_1)
DA:51,2
DA:52,1
DA:53,1
DA:54,1
DA:56,1
DA:57,0
DA:63,1
DA:65,1
LF:8
LH:7
BRDA:53,0,0,1
BRDA:53,0,1,0
BRDA:63,1,0,0
BRDA:63,1,1,1
BRF:4
BRH:2
end_of_record
TN:
SF:src/features/DashboardPanels/WeeklyForecastPanel.tsx
FN:33,(anonymous_0)
FN:45,(anonymous_1)
FNF:2
FNH:1
FNDA:4,(anonymous_0)
FNDA:0,(anonymous_1)
DA:33,3
DA:37,4
DA:38,4
DA:46,0
LF:4
LH:3
BRDA:52,0,0,0
BRDA:52,0,1,0
BRDA:60,1,0,0
BRDA:60,1,1,0
BRF:4
BRH:0
end_of_record
TN:
SF:src/features/DashboardPanels/WindPanel.tsx
FN:48,(anonymous_0)
FN:58,(anonymous_1)
FNF:2
FNH:2
FNDA:1,(anonymous_0)
FNDA:2,(anonymous_1)
DA:48,2
DA:53,1
DA:55,1
DA:56,1
DA:58,1
DA:59,2
DA:60,2
DA:66,1
DA:68,1
LF:9
LH:9
BRDA:62,0,0,2
BRDA:62,0,1,0
BRDA:66,1,0,0
BRDA:66,1,1,1
BRDA:82,2,0,1
BRDA:82,2,1,0
BRF:6
BRH:3
end_of_record
TN:
SF:src/features/DataTools/UnitSwitchers.tool.tsx
FN:4,(anonymous_0)
FNF:1
FNH:1
FNDA:2,(anonymous_0)
DA:4,1
DA:12,2
DA:14,2
DA:22,0
DA:25,2
LF:5
LH:4
BRDA:14,0,0,0
BRDA:14,0,1,2
BRDA:15,1,0,2
BRDA:15,1,1,2
BRDA:15,1,2,2
BRDA:15,1,3,2
BRDA:15,1,4,2
BRDA:15,1,5,2
BRF:8
BRH:7
end_of_record
TN:
SF:src/hooks/useForecastHour.tsx
FN:33,(anonymous_0)
FN:34,(anonymous_1)
FNF:2
FNH:2
FNDA:2,(anonymous_0)
FNDA:2,(anonymous_1)
DA:33,1
DA:34,2
DA:35,2
DA:36,2
DA:39,0
LF:5
LH:4
BRDA:35,0,0,2
BRDA:35,0,1,0
BRDA:35,1,0,2
BRDA:35,1,1,0
BRF:4
BRH:2
end_of_record
TN:
SF:src/hooks/useWeatherData.tsx
FN:41,useWeatherData
FN:43,(anonymous_1)
FN:45,(anonymous_2)
FNF:3
FNH:1
FNDA:3,useWeatherData
FNDA:0,(anonymous_1)
FNDA:0,(anonymous_2)
DA:7,1
DA:42,3
DA:43,2
DA:44,0
DA:45,0
DA:46,0
DA:47,0
DA:48,0
DA:49,0
DA:52,0
DA:53,0
DA:54,0
DA:55,0
DA:57,0
DA:62,0
DA:69,0
DA:72,2
LF:17
LH:4
BRDA:47,0,0,0
BRDA:47,0,1,0
BRF:2
BRH:0
end_of_record
TN:
SF:src/types/types.ts
FNF:0
FNH:0
LF:0
LH:0
BRF:0
BRH:0
end_of_record
TN:
SF:src/utils/test.utils.js
FN:8,render
FN:9,Wrapper
FNF:2
FNH:2
FNDA:14,render
FNDA:14,Wrapper
DA:10,14
DA:13,14
LF:2
LH:2
BRDA:8,0,0,14
BRF:1
BRH:1
end_of_record
TN:
SF:src/utils/units.utils.tsx
FN:1,cmToInches
FN:5,cmToMm
FNF:2
FNH:0
FNDA:0,cmToInches
FNDA:0,cmToMm
DA:2,0
DA:6,0
LF:2
LH:0
BRF:0
BRH:0
end_of_record
